<?xml version="1.0" encoding="UTF-8"?>
<testsuite xmlns:xsi="http://www.w3.org/2001/XMLSchema-instance" xsi:noNamespaceSchemaLocation="https://maven.apache.org/surefire/maven-surefire-plugin/xsd/surefire-test-report-3.0.xsd" version="3.0" name="com.micro.notification.NotificationServiceApplicationTests" time="27.377" tests="1" errors="0" skipped="0" failures="0">
  <properties>
[...]
</properties>
  <testcase name="contextLoads" classname="com.micro.notification.NotificationServiceApplicationTests" time="3.932">
    <system-out><![CDATA[23:03:06.009 [main] INFO org.springframework.test.context.support.AnnotationConfigContextLoaderUtils -- Could not detect default configuration classes for test class [com.micro.notification.NotificationServiceApplicationTests]: NotificationServiceApplicationTests does not declare any static, non-private, non-final, nested classes annotated with @Configuration.
23:03:06.354 [main] INFO org.springframework.boot.test.context.SpringBootTestContextBootstrapper -- Found @SpringBootConfiguration com.micro.notification.NotificationServiceApplication for test class com.micro.notification.NotificationServiceApplicationTests

  .   ____          _            __ _ _
 /\\ / ___'_ __ _ _(_)_ __  __ _ \ \ \ \
( ( )\___ | '_ | '_| | '_ \/ _` | \ \ \ \
 \\/  ___)| |_)| | | | | || (_| |  ) ) ) )
  '  |____| .__|_| |_|_| |_\__, | / / / /
 =========|_|==============|___/=/_/_/_/

 :: Spring Boot ::                (v3.3.1)

2024-07-05T23:03:09.346+05:30  INFO [NOTIFICATION-SERVICE,,] 5776 --- [NOTIFICATION-SERVICE] [           main] [                                                 ] .m.n.NotificationServiceApplicationTests : Starting NotificationServiceApplicationTests using Java 17.0.10 with PID 5776 (started by shailesh in G:\java\ecommerce\microservices\notification-service)
2024-07-05T23:03:09.407+05:30  INFO [NOTIFICATION-SERVICE,,] 5776 --- [NOTIFICATION-SERVICE] [           main] [                                                 ] .m.n.NotificationServiceApplicationTests : No active profile set, falling back to 1 default profile: "default"
2024-07-05T23:03:14.528+05:30  INFO [NOTIFICATION-SERVICE,,] 5776 --- [NOTIFICATION-SERVICE] [           main] [                                                 ] o.s.cloud.context.scope.GenericScope     : BeanFactory id=646dfce2-10de-3e5c-b160-9af734955308
2024-07-05T23:03:15.240+05:30  WARN [NOTIFICATION-SERVICE,,] 5776 --- [NOTIFICATION-SERVICE] [           main] [                                                 ] trationDelegate$BeanPostProcessorChecker : Bean 'org.springframework.cloud.client.loadbalancer.LoadBalancerAutoConfiguration$DeferringLoadBalancerInterceptorConfig' of type [org.springframework.cloud.client.loadbalancer.LoadBalancerAutoConfiguration$DeferringLoadBalancerInterceptorConfig] is not eligible for getting processed by all BeanPostProcessors (for example: not eligible for auto-proxying). The currently created BeanPostProcessor [lbRestClientPostProcessor] is declared through a non-static factory method on that class; consider declaring it as static instead.
2024-07-05T23:03:15.252+05:30  WARN [NOTIFICATION-SERVICE,,] 5776 --- [NOTIFICATION-SERVICE] [           main] [                                                 ] trationDelegate$BeanPostProcessorChecker : Bean 'deferringLoadBalancerInterceptor' of type [org.springframework.cloud.client.loadbalancer.DeferringLoadBalancerInterceptor] is not eligible for getting processed by all BeanPostProcessors (for example: not eligible for auto-proxying). Is this bean getting eagerly injected into a currently created BeanPostProcessor [lbRestClientPostProcessor]? Check the corresponding BeanPostProcessor declaration and its dependencies.
2024-07-05T23:03:25.957+05:30  INFO [NOTIFICATION-SERVICE,,] 5776 --- [NOTIFICATION-SERVICE] [           main] [                                                 ] o.s.cloud.commons.util.InetUtils         : Cannot determine local hostname
2024-07-05T23:03:27.396+05:30  INFO [NOTIFICATION-SERVICE,,] 5776 --- [NOTIFICATION-SERVICE] [           main] [                                                 ] o.s.cloud.commons.util.InetUtils         : Cannot determine local hostname
2024-07-05T23:03:27.488+05:30  INFO [NOTIFICATION-SERVICE,,] 5776 --- [NOTIFICATION-SERVICE] [           main] [                                                 ] DiscoveryClientOptionalArgsConfiguration : Eureka HTTP Client uses RestTemplate.
2024-07-05T23:03:27.741+05:30  INFO [NOTIFICATION-SERVICE,,] 5776 --- [NOTIFICATION-SERVICE] [           main] [                                                 ] o.s.b.a.e.web.EndpointLinksResolver      : Exposing 0 endpoints beneath base path '/actuator'
2024-07-05T23:03:28.127+05:30  INFO [NOTIFICATION-SERVICE,,] 5776 --- [NOTIFICATION-SERVICE] [           main] [                                                 ] o.a.k.clients.consumer.ConsumerConfig    : ConsumerConfig values: 
	allow.auto.create.topics = true
	auto.commit.interval.ms = 5000
	auto.include.jmx.reporter = true
	auto.offset.reset = latest
	bootstrap.servers = [localhost:9092]
	check.crcs = true
	client.dns.lookup = use_all_dns_ips
	client.id = consumer-notificationId-1
	client.rack = 
	connections.max.idle.ms = 540000
	default.api.timeout.ms = 60000
	enable.auto.commit = false
	enable.metrics.push = true
	exclude.internal.topics = true
	fetch.max.bytes = 52428800
	fetch.max.wait.ms = 500
	fetch.min.bytes = 1
	group.id = notificationId
	group.instance.id = null
	group.protocol = classic
	group.remote.assignor = null
	heartbeat.interval.ms = 3000
	interceptor.classes = []
	internal.leave.group.on.close = true
	internal.throw.on.fetch.stable.offset.unsupported = false
	isolation.level = read_uncommitted
	key.deserializer = class org.apache.kafka.common.serialization.StringDeserializer
	max.partition.fetch.bytes = 1048576
	max.poll.interval.ms = 300000
	max.poll.records = 500
	metadata.max.age.ms = 300000
	metric.reporters = []
	metrics.num.samples = 2
	metrics.recording.level = INFO
	metrics.sample.window.ms = 30000
	partition.assignment.strategy = [class org.apache.kafka.clients.consumer.RangeAssignor, class org.apache.kafka.clients.consumer.CooperativeStickyAssignor]
	receive.buffer.bytes = 65536
	reconnect.backoff.max.ms = 1000
	reconnect.backoff.ms = 50
	request.timeout.ms = 30000
	retry.backoff.max.ms = 1000
	retry.backoff.ms = 100
	sasl.client.callback.handler.class = null
	sasl.jaas.config = null
	sasl.kerberos.kinit.cmd = /usr/bin/kinit
	sasl.kerberos.min.time.before.relogin = 60000
	sasl.kerberos.service.name = null
	sasl.kerberos.ticket.renew.jitter = 0.05
	sasl.kerberos.ticket.renew.window.factor = 0.8
	sasl.login.callback.handler.class = null
	sasl.login.class = null
	sasl.login.connect.timeout.ms = null
	sasl.login.read.timeout.ms = null
	sasl.login.refresh.buffer.seconds = 300
	sasl.login.refresh.min.period.seconds = 60
	sasl.login.refresh.window.factor = 0.8
	sasl.login.refresh.window.jitter = 0.05
	sasl.login.retry.backoff.max.ms = 10000
	sasl.login.retry.backoff.ms = 100
	sasl.mechanism = GSSAPI
	sasl.oauthbearer.clock.skew.seconds = 30
	sasl.oauthbearer.expected.audience = null
	sasl.oauthbearer.expected.issuer = null
	sasl.oauthbearer.jwks.endpoint.refresh.ms = 3600000
	sasl.oauthbearer.jwks.endpoint.retry.backoff.max.ms = 10000
	sasl.oauthbearer.jwks.endpoint.retry.backoff.ms = 100
	sasl.oauthbearer.jwks.endpoint.url = null
	sasl.oauthbearer.scope.claim.name = scope
	sasl.oauthbearer.sub.claim.name = sub
	sasl.oauthbearer.token.endpoint.url = null
	security.protocol = PLAINTEXT
	security.providers = null
	send.buffer.bytes = 131072
	session.timeout.ms = 45000
	socket.connection.setup.timeout.max.ms = 30000
	socket.connection.setup.timeout.ms = 10000
	ssl.cipher.suites = null
	ssl.enabled.protocols = [TLSv1.2, TLSv1.3]
	ssl.endpoint.identification.algorithm = https
	ssl.engine.factory.class = null
	ssl.key.password = null
	ssl.keymanager.algorithm = SunX509
	ssl.keystore.certificate.chain = null
	ssl.keystore.key = null
	ssl.keystore.location = null
	ssl.keystore.password = null
	ssl.keystore.type = JKS
	ssl.protocol = TLSv1.3
	ssl.provider = null
	ssl.secure.random.implementation = null
	ssl.trustmanager.algorithm = PKIX
	ssl.truststore.certificates = null
	ssl.truststore.location = null
	ssl.truststore.password = null
	ssl.truststore.type = JKS
	value.deserializer = class org.springframework.kafka.support.serializer.JsonDeserializer

2024-07-05T23:03:28.273+05:30  INFO [NOTIFICATION-SERVICE,,] 5776 --- [NOTIFICATION-SERVICE] [           main] [                                                 ] o.a.k.c.t.i.KafkaMetricsCollector        : initializing Kafka metrics collector
2024-07-05T23:03:28.874+05:30  INFO [NOTIFICATION-SERVICE,,] 5776 --- [NOTIFICATION-SERVICE] [           main] [                                                 ] o.a.kafka.common.utils.AppInfoParser     : Kafka version: 3.7.0
2024-07-05T23:03:28.882+05:30  INFO [NOTIFICATION-SERVICE,,] 5776 --- [NOTIFICATION-SERVICE] [           main] [                                                 ] o.a.kafka.common.utils.AppInfoParser     : Kafka commitId: 2ae524ed625438c5
2024-07-05T23:03:28.883+05:30  INFO [NOTIFICATION-SERVICE,,] 5776 --- [NOTIFICATION-SERVICE] [           main] [                                                 ] o.a.kafka.common.utils.AppInfoParser     : Kafka startTimeMs: 1720200808851
2024-07-05T23:03:28.920+05:30  INFO [NOTIFICATION-SERVICE,,] 5776 --- [NOTIFICATION-SERVICE] [           main] [                                                 ] o.a.k.c.c.internals.LegacyKafkaConsumer  : [Consumer clientId=consumer-notificationId-1, groupId=notificationId] Subscribed to topic(s): notificationTopic
2024-07-05T23:03:29.012+05:30  INFO [NOTIFICATION-SERVICE,,] 5776 --- [NOTIFICATION-SERVICE] [           main] [                                                 ] .m.n.NotificationServiceApplicationTests : Started NotificationServiceApplicationTests in 22.139 seconds (process running for 25.67)
2024-07-05T23:03:31.087+05:30  WARN [NOTIFICATION-SERVICE,,] 5776 --- [NOTIFICATION-SERVICE] [ntainer#0-0-C-1] [                                                 ] org.apache.kafka.clients.NetworkClient   : [Consumer clientId=consumer-notificationId-1, groupId=notificationId] Error while fetching metadata with correlation id 2 : {notificationTopic=LEADER_NOT_AVAILABLE}
2024-07-05T23:03:31.092+05:30  INFO [NOTIFICATION-SERVICE,,] 5776 --- [NOTIFICATION-SERVICE] [ntainer#0-0-C-1] [                                                 ] org.apache.kafka.clients.Metadata        : [Consumer clientId=consumer-notificationId-1, groupId=notificationId] Cluster ID: RTp-J-cvRvuC49LQGkcOuw
2024-07-05T23:03:31.374+05:30  WARN [NOTIFICATION-SERVICE,,] 5776 --- [NOTIFICATION-SERVICE] [ntainer#0-0-C-1] [                                                 ] org.apache.kafka.clients.NetworkClient   : [Consumer clientId=consumer-notificationId-1, groupId=notificationId] Error while fetching metadata with correlation id 5 : {notificationTopic=LEADER_NOT_AVAILABLE}
2024-07-05T23:03:31.804+05:30  WARN [NOTIFICATION-SERVICE,,] 5776 --- [NOTIFICATION-SERVICE] [ntainer#0-0-C-1] [                                                 ] org.apache.kafka.clients.NetworkClient   : [Consumer clientId=consumer-notificationId-1, groupId=notificationId] Error while fetching metadata with correlation id 7 : {notificationTopic=LEADER_NOT_AVAILABLE}
2024-07-05T23:03:32.679+05:30  WARN [NOTIFICATION-SERVICE,,] 5776 --- [NOTIFICATION-SERVICE] [ntainer#0-0-C-1] [                                                 ] org.apache.kafka.clients.NetworkClient   : [Consumer clientId=consumer-notificationId-1, groupId=notificationId] Error while fetching metadata with correlation id 9 : {notificationTopic=LEADER_NOT_AVAILABLE}
]]></system-out>
  </testcase>
</testsuite>